<?xml version="1.0" encoding="UTF-8"?>
<!-- Generated by org.testng.reporters.JUnitReportReporter -->
<testsuite hostname="LAPTOP-KRMP2HCM" failures="0" tests="1" name="Practise.SeleniumProject.TestCase5" time="69.598" errors="0" timestamp="2021-04-14T16:55:13 IST" skipped="0">
  <testcase classname="Practise.SeleniumProject.TestCase5" name="login" time="69.598"/>
  <system-out/>
</testsuite> <!-- Practise.SeleniumProject.TestCase5 -->
