<?xml version="1.0" encoding="UTF-8"?>
<!-- Generated by org.testng.reporters.JUnitReportReporter -->
<testsuite skipped="0" hostname="LAPTOP-KRMP2HCM" name="Practise.SeleniumProject.LoginPage" tests="1" failures="0" timestamp="2021-04-02T11:45:01 IST" time="4.052" errors="0">
  <testcase name="login" time="4.052" classname="Practise.SeleniumProject.LoginPage"/>
  <system-out/>
</testsuite> <!-- Practise.SeleniumProject.LoginPage -->
