<?xml version="1.0" encoding="UTF-8"?>
<!-- Generated by org.testng.reporters.JUnitReportReporter -->
<testsuite skipped="0" hostname="LAPTOP-KRMP2HCM" name="Practise.SeleniumProject.TestCase6" tests="1" failures="0" timestamp="2021-04-02T18:39:06 IST" time="58.255" errors="0">
  <testcase name="login" time="58.255" classname="Practise.SeleniumProject.TestCase6"/>
  <system-out/>
</testsuite> <!-- Practise.SeleniumProject.TestCase6 -->
