<?xml version="1.0" encoding="UTF-8"?>
<!-- Generated by org.testng.reporters.JUnitReportReporter -->
<testsuite skipped="0" hostname="WINCTRL-510G1N7" name="Practise.SeleniumProject.Login" tests="1" failures="0" timestamp="2020-08-18T21:31:33 IST" time="32.557" errors="0">
  <testcase name="login" time="32.557" classname="Practise.SeleniumProject.Login"/>
  <system-out/>
</testsuite> <!-- Practise.SeleniumProject.Login -->
