<?xml version="1.0" encoding="UTF-8"?>
<!-- Generated by org.testng.reporters.JUnitReportReporter -->
<testsuite skipped="0" hostname="LAPTOP-KRMP2HCM" name="Practise.SeleniumProject.DropDownValidation" tests="1" failures="0" timestamp="2021-04-02T11:49:27 IST" time="0.412" errors="0">
  <testcase name="cabinType" time="0.412" classname="Practise.SeleniumProject.DropDownValidation"/>
  <system-out/>
</testsuite> <!-- Practise.SeleniumProject.DropDownValidation -->
